[DEBUG] 2021-06-28 09:25:04,342 main            com.sapient.programs.GetBook [  22] b = Book(id=12, title=Let us C, author=null, publisher=BPB, price=299.0)
[DEBUG] 2021-06-28 09:25:24,342 main            com.sapient.programs.GetBook [  22] b = Book(id=12, title=Java unleashed, author=null, publisher=McHill, price=999.0)
[DEBUG] 2021-06-28 09:38:41,884 main            com.sapient.config.AppConfig1 [  18] AppConfig1.jdbcBookDao() called
[DEBUG] 2021-06-28 09:38:41,918 main            com.sapient.programs.GetBook [  33] b = Book(id=12, title=Let us C, author=null, publisher=BPB, price=299.0)
[DEBUG] 2021-06-28 09:41:07,205 main            com.sapient.programs.GetBook [  26] Creating a spring container....
[DEBUG] 2021-06-28 09:41:07,612 main            com.sapient.config.AppConfig1 [  17] AppConfig1() constructor called
[DEBUG] 2021-06-28 09:41:07,633 main            com.sapient.config.AppConfig1 [  22] AppConfig1.jdbcBookDao() called
[DEBUG] 2021-06-28 09:41:07,659 main            com.sapient.programs.GetBook [  28] Creating spring container finished!
[DEBUG] 2021-06-28 09:41:07,664 main            com.sapient.programs.GetBook [  35] b = Book(id=12, title=Let us C, author=null, publisher=BPB, price=299.0)
[DEBUG] 2021-06-28 09:41:13,296 main            com.sapient.programs.GetBook [  26] Creating a spring container....
[DEBUG] 2021-06-28 09:41:13,695 main            com.sapient.config.AppConfig1 [  17] AppConfig1() constructor called
[DEBUG] 2021-06-28 09:41:13,717 main            com.sapient.config.AppConfig1 [  22] AppConfig1.jdbcBookDao() called
[DEBUG] 2021-06-28 09:41:13,742 main            com.sapient.programs.GetBook [  28] Creating spring container finished!
[DEBUG] 2021-06-28 09:41:13,746 main            com.sapient.programs.GetBook [  35] b = Book(id=12, title=Let us C, author=null, publisher=BPB, price=299.0)
[DEBUG] 2021-06-28 09:42:43,281 main            com.sapient.programs.GetBook [  26] Creating a spring container....
[DEBUG] 2021-06-28 09:42:43,514 main            org.springframework.context.annotation.AnnotationConfigApplicationContext [ 629] Refreshing org.springframework.context.annotation.AnnotationConfigApplicationContext@1cf4f579
[DEBUG] 2021-06-28 09:42:43,533 main            org.springframework.beans.factory.support.DefaultListableBeanFactory [ 225] Creating shared instance of singleton bean 'org.springframework.context.annotation.internalConfigurationAnnotationProcessor'
[DEBUG] 2021-06-28 09:42:43,673 main            org.springframework.beans.factory.support.DefaultListableBeanFactory [ 225] Creating shared instance of singleton bean 'org.springframework.context.event.internalEventListenerProcessor'
[DEBUG] 2021-06-28 09:42:43,675 main            org.springframework.beans.factory.support.DefaultListableBeanFactory [ 225] Creating shared instance of singleton bean 'org.springframework.context.event.internalEventListenerFactory'
[DEBUG] 2021-06-28 09:42:43,677 main            org.springframework.beans.factory.support.DefaultListableBeanFactory [ 225] Creating shared instance of singleton bean 'org.springframework.context.annotation.internalAutowiredAnnotationProcessor'
[DEBUG] 2021-06-28 09:42:43,680 main            org.springframework.beans.factory.support.DefaultListableBeanFactory [ 225] Creating shared instance of singleton bean 'org.springframework.context.annotation.internalCommonAnnotationProcessor'
[DEBUG] 2021-06-28 09:42:43,688 main            org.springframework.beans.factory.support.DefaultListableBeanFactory [ 225] Creating shared instance of singleton bean 'appConfig1'
[DEBUG] 2021-06-28 09:42:43,689 main            com.sapient.config.AppConfig1 [  17] AppConfig1() constructor called
[DEBUG] 2021-06-28 09:42:43,694 main            org.springframework.beans.factory.support.DefaultListableBeanFactory [ 225] Creating shared instance of singleton bean 'jdbcBookDao'
[DEBUG] 2021-06-28 09:42:43,714 main            com.sapient.config.AppConfig1 [  22] AppConfig1.jdbcBookDao() called...
[DEBUG] 2021-06-28 09:42:43,752 main            com.sapient.programs.GetBook [  28] Creating spring container finished!
[DEBUG] 2021-06-28 09:42:43,757 main            com.sapient.programs.GetBook [  35] b = Book(id=12, title=Let us C, author=null, publisher=BPB, price=299.0)
[DEBUG] 2021-06-28 09:42:43,763 main            org.springframework.context.annotation.AnnotationConfigApplicationContext [1049] Closing org.springframework.context.annotation.AnnotationConfigApplicationContext@1cf4f579, started on Mon Jun 28 09:42:43 IST 2021
[DEBUG] 2021-06-28 09:44:31,322 main            com.sapient.programs.GetBook [  26] Creating a spring container....
[DEBUG] 2021-06-28 09:44:31,547 main            org.springframework.context.annotation.AnnotationConfigApplicationContext [ 629] Refreshing org.springframework.context.annotation.AnnotationConfigApplicationContext@1cf4f579
[DEBUG] 2021-06-28 09:44:31,567 main            org.springframework.beans.factory.support.DefaultListableBeanFactory [ 225] Creating shared instance of singleton bean 'org.springframework.context.annotation.internalConfigurationAnnotationProcessor'
[DEBUG] 2021-06-28 09:44:31,725 main            org.springframework.beans.factory.support.DefaultListableBeanFactory [ 225] Creating shared instance of singleton bean 'org.springframework.context.event.internalEventListenerProcessor'
[DEBUG] 2021-06-28 09:44:31,729 main            org.springframework.beans.factory.support.DefaultListableBeanFactory [ 225] Creating shared instance of singleton bean 'org.springframework.context.event.internalEventListenerFactory'
[DEBUG] 2021-06-28 09:44:31,731 main            org.springframework.beans.factory.support.DefaultListableBeanFactory [ 225] Creating shared instance of singleton bean 'org.springframework.context.annotation.internalAutowiredAnnotationProcessor'
[DEBUG] 2021-06-28 09:44:31,735 main            org.springframework.beans.factory.support.DefaultListableBeanFactory [ 225] Creating shared instance of singleton bean 'org.springframework.context.annotation.internalCommonAnnotationProcessor'
[DEBUG] 2021-06-28 09:44:31,744 main            org.springframework.beans.factory.support.DefaultListableBeanFactory [ 225] Creating shared instance of singleton bean 'appConfig1'
[DEBUG] 2021-06-28 09:44:31,746 main            com.sapient.config.AppConfig1 [  17] AppConfig1() constructor called
[DEBUG] 2021-06-28 09:44:31,752 main            org.springframework.beans.factory.support.DefaultListableBeanFactory [ 225] Creating shared instance of singleton bean 'dao1'
[DEBUG] 2021-06-28 09:44:31,773 main            com.sapient.config.AppConfig1 [  22] AppConfig1.jdbcBookDao() called...
[DEBUG] 2021-06-28 09:44:31,809 main            com.sapient.programs.GetBook [  28] Creating spring container finished!
[DEBUG] 2021-06-28 09:44:31,816 main            com.sapient.programs.GetBook [  35] b = Book(id=12, title=Let us C, author=null, publisher=BPB, price=299.0)
[DEBUG] 2021-06-28 09:44:31,822 main            org.springframework.context.annotation.AnnotationConfigApplicationContext [1049] Closing org.springframework.context.annotation.AnnotationConfigApplicationContext@1cf4f579, started on Mon Jun 28 09:44:31 IST 2021
[DEBUG] 2021-06-28 09:49:39,491 main            com.sapient.programs.GetBook [  26] Creating a spring container....
[DEBUG] 2021-06-28 09:49:39,768 main            org.springframework.context.annotation.AnnotationConfigApplicationContext [ 629] Refreshing org.springframework.context.annotation.AnnotationConfigApplicationContext@1cf4f579
[DEBUG] 2021-06-28 09:49:39,800 main            org.springframework.beans.factory.support.DefaultListableBeanFactory [ 225] Creating shared instance of singleton bean 'org.springframework.context.annotation.internalConfigurationAnnotationProcessor'
[DEBUG] 2021-06-28 09:49:40,066 main            org.springframework.beans.factory.support.DefaultListableBeanFactory [ 225] Creating shared instance of singleton bean 'org.springframework.context.event.internalEventListenerProcessor'
[DEBUG] 2021-06-28 09:49:40,069 main            org.springframework.beans.factory.support.DefaultListableBeanFactory [ 225] Creating shared instance of singleton bean 'org.springframework.context.event.internalEventListenerFactory'
[DEBUG] 2021-06-28 09:49:40,074 main            org.springframework.beans.factory.support.DefaultListableBeanFactory [ 225] Creating shared instance of singleton bean 'org.springframework.context.annotation.internalAutowiredAnnotationProcessor'
[DEBUG] 2021-06-28 09:49:40,078 main            org.springframework.beans.factory.support.DefaultListableBeanFactory [ 225] Creating shared instance of singleton bean 'org.springframework.context.annotation.internalCommonAnnotationProcessor'
[DEBUG] 2021-06-28 09:49:40,092 main            org.springframework.beans.factory.support.DefaultListableBeanFactory [ 225] Creating shared instance of singleton bean 'appConfig1'
[DEBUG] 2021-06-28 09:49:40,094 main            com.sapient.config.AppConfig1 [  18] AppConfig1() constructor called
[DEBUG] 2021-06-28 09:49:40,099 main            org.springframework.beans.factory.support.DefaultListableBeanFactory [ 225] Creating shared instance of singleton bean 'jdbcBookDao'
[DEBUG] 2021-06-28 09:49:40,118 main            com.sapient.config.AppConfig1 [  26] AppConfig1.jdbcBookDao() called...
[DEBUG] 2021-06-28 09:49:40,120 main            org.springframework.beans.factory.support.DefaultListableBeanFactory [ 225] Creating shared instance of singleton bean 'jpaBookDao'
[DEBUG] 2021-06-28 09:49:40,121 main            com.sapient.config.AppConfig1 [  32] AppConfig1.jpaBookDao() called...
[DEBUG] 2021-06-28 09:49:40,148 main            com.sapient.programs.GetBook [  28] Creating spring container finished!
[DEBUG] 2021-06-28 09:49:40,152 main            org.springframework.context.annotation.AnnotationConfigApplicationContext [1049] Closing org.springframework.context.annotation.AnnotationConfigApplicationContext@1cf4f579, started on Mon Jun 28 09:49:39 IST 2021
[DEBUG] 2021-06-28 09:49:46,067 main            com.sapient.programs.GetBook [  26] Creating a spring container....
[DEBUG] 2021-06-28 09:49:46,334 main            org.springframework.context.annotation.AnnotationConfigApplicationContext [ 629] Refreshing org.springframework.context.annotation.AnnotationConfigApplicationContext@1cf4f579
[DEBUG] 2021-06-28 09:49:46,355 main            org.springframework.beans.factory.support.DefaultListableBeanFactory [ 225] Creating shared instance of singleton bean 'org.springframework.context.annotation.internalConfigurationAnnotationProcessor'
[DEBUG] 2021-06-28 09:49:46,557 main            org.springframework.beans.factory.support.DefaultListableBeanFactory [ 225] Creating shared instance of singleton bean 'org.springframework.context.event.internalEventListenerProcessor'
[DEBUG] 2021-06-28 09:49:46,562 main            org.springframework.beans.factory.support.DefaultListableBeanFactory [ 225] Creating shared instance of singleton bean 'org.springframework.context.event.internalEventListenerFactory'
[DEBUG] 2021-06-28 09:49:46,565 main            org.springframework.beans.factory.support.DefaultListableBeanFactory [ 225] Creating shared instance of singleton bean 'org.springframework.context.annotation.internalAutowiredAnnotationProcessor'
[DEBUG] 2021-06-28 09:49:46,569 main            org.springframework.beans.factory.support.DefaultListableBeanFactory [ 225] Creating shared instance of singleton bean 'org.springframework.context.annotation.internalCommonAnnotationProcessor'
[DEBUG] 2021-06-28 09:49:46,581 main            org.springframework.beans.factory.support.DefaultListableBeanFactory [ 225] Creating shared instance of singleton bean 'appConfig1'
[DEBUG] 2021-06-28 09:49:46,583 main            com.sapient.config.AppConfig1 [  18] AppConfig1() constructor called
[DEBUG] 2021-06-28 09:49:46,591 main            org.springframework.beans.factory.support.DefaultListableBeanFactory [ 225] Creating shared instance of singleton bean 'jdbcBookDao'
[DEBUG] 2021-06-28 09:49:46,614 main            com.sapient.config.AppConfig1 [  26] AppConfig1.jdbcBookDao() called...
[DEBUG] 2021-06-28 09:49:46,616 main            org.springframework.beans.factory.support.DefaultListableBeanFactory [ 225] Creating shared instance of singleton bean 'jpaBookDao'
[DEBUG] 2021-06-28 09:49:46,617 main            com.sapient.config.AppConfig1 [  32] AppConfig1.jpaBookDao() called...
[DEBUG] 2021-06-28 09:49:46,649 main            com.sapient.programs.GetBook [  28] Creating spring container finished!
[DEBUG] 2021-06-28 09:49:46,653 main            org.springframework.context.annotation.AnnotationConfigApplicationContext [1049] Closing org.springframework.context.annotation.AnnotationConfigApplicationContext@1cf4f579, started on Mon Jun 28 09:49:46 IST 2021
[DEBUG] 2021-06-28 09:51:02,668 main            com.sapient.programs.GetBook [  26] Creating a spring container....
[DEBUG] 2021-06-28 09:51:02,893 main            org.springframework.context.annotation.AnnotationConfigApplicationContext [ 629] Refreshing org.springframework.context.annotation.AnnotationConfigApplicationContext@1cf4f579
[DEBUG] 2021-06-28 09:51:02,913 main            org.springframework.beans.factory.support.DefaultListableBeanFactory [ 225] Creating shared instance of singleton bean 'org.springframework.context.annotation.internalConfigurationAnnotationProcessor'
[DEBUG] 2021-06-28 09:51:03,057 main            org.springframework.beans.factory.support.DefaultListableBeanFactory [ 225] Creating shared instance of singleton bean 'org.springframework.context.event.internalEventListenerProcessor'
[DEBUG] 2021-06-28 09:51:03,059 main            org.springframework.beans.factory.support.DefaultListableBeanFactory [ 225] Creating shared instance of singleton bean 'org.springframework.context.event.internalEventListenerFactory'
[DEBUG] 2021-06-28 09:51:03,061 main            org.springframework.beans.factory.support.DefaultListableBeanFactory [ 225] Creating shared instance of singleton bean 'org.springframework.context.annotation.internalAutowiredAnnotationProcessor'
[DEBUG] 2021-06-28 09:51:03,062 main            org.springframework.beans.factory.support.DefaultListableBeanFactory [ 225] Creating shared instance of singleton bean 'org.springframework.context.annotation.internalCommonAnnotationProcessor'
[DEBUG] 2021-06-28 09:51:03,069 main            org.springframework.beans.factory.support.DefaultListableBeanFactory [ 225] Creating shared instance of singleton bean 'appConfig1'
[DEBUG] 2021-06-28 09:51:03,070 main            com.sapient.config.AppConfig1 [  18] AppConfig1() constructor called
[DEBUG] 2021-06-28 09:51:03,075 main            org.springframework.beans.factory.support.DefaultListableBeanFactory [ 225] Creating shared instance of singleton bean 'jdbcBookDao'
[DEBUG] 2021-06-28 09:51:03,090 main            com.sapient.config.AppConfig1 [  26] AppConfig1.jdbcBookDao() called...
[DEBUG] 2021-06-28 09:51:03,091 main            org.springframework.beans.factory.support.DefaultListableBeanFactory [ 225] Creating shared instance of singleton bean 'jpaBookDao'
[DEBUG] 2021-06-28 09:51:03,092 main            com.sapient.config.AppConfig1 [  32] AppConfig1.jpaBookDao() called...
[DEBUG] 2021-06-28 09:51:03,113 main            com.sapient.programs.GetBook [  28] Creating spring container finished!
[DEBUG] 2021-06-28 09:52:07,325 main            com.sapient.programs.GetBook [  26] Creating a spring container....
[DEBUG] 2021-06-28 09:52:07,574 main            org.springframework.context.annotation.AnnotationConfigApplicationContext [ 629] Refreshing org.springframework.context.annotation.AnnotationConfigApplicationContext@1cf4f579
[DEBUG] 2021-06-28 09:52:07,596 main            org.springframework.beans.factory.support.DefaultListableBeanFactory [ 225] Creating shared instance of singleton bean 'org.springframework.context.annotation.internalConfigurationAnnotationProcessor'
[DEBUG] 2021-06-28 09:52:07,750 main            org.springframework.beans.factory.support.DefaultListableBeanFactory [ 225] Creating shared instance of singleton bean 'org.springframework.context.event.internalEventListenerProcessor'
[DEBUG] 2021-06-28 09:52:07,752 main            org.springframework.beans.factory.support.DefaultListableBeanFactory [ 225] Creating shared instance of singleton bean 'org.springframework.context.event.internalEventListenerFactory'
[DEBUG] 2021-06-28 09:52:07,755 main            org.springframework.beans.factory.support.DefaultListableBeanFactory [ 225] Creating shared instance of singleton bean 'org.springframework.context.annotation.internalAutowiredAnnotationProcessor'
[DEBUG] 2021-06-28 09:52:07,758 main            org.springframework.beans.factory.support.DefaultListableBeanFactory [ 225] Creating shared instance of singleton bean 'org.springframework.context.annotation.internalCommonAnnotationProcessor'
[DEBUG] 2021-06-28 09:52:07,767 main            org.springframework.beans.factory.support.DefaultListableBeanFactory [ 225] Creating shared instance of singleton bean 'appConfig1'
[DEBUG] 2021-06-28 09:52:07,768 main            com.sapient.config.AppConfig1 [  18] AppConfig1() constructor called
[DEBUG] 2021-06-28 09:52:07,774 main            org.springframework.beans.factory.support.DefaultListableBeanFactory [ 225] Creating shared instance of singleton bean 'jdbcBookDao'
[DEBUG] 2021-06-28 09:52:07,790 main            com.sapient.config.AppConfig1 [  26] AppConfig1.jdbcBookDao() called...
[DEBUG] 2021-06-28 09:52:07,792 main            org.springframework.beans.factory.support.DefaultListableBeanFactory [ 225] Creating shared instance of singleton bean 'jpaBookDao'
[DEBUG] 2021-06-28 09:52:07,793 main            com.sapient.config.AppConfig1 [  32] AppConfig1.jpaBookDao() called...
[DEBUG] 2021-06-28 09:52:07,818 main            com.sapient.programs.GetBook [  28] Creating spring container finished!
[DEBUG] 2021-06-28 09:52:07,822 main            com.sapient.programs.GetBook [  35] b = Book(id=12, title=Let us C, author=null, publisher=BPB, price=299.0)
[DEBUG] 2021-06-28 09:52:07,826 main            org.springframework.context.annotation.AnnotationConfigApplicationContext [1049] Closing org.springframework.context.annotation.AnnotationConfigApplicationContext@1cf4f579, started on Mon Jun 28 09:52:07 IST 2021
[DEBUG] 2021-06-28 09:52:28,624 main            com.sapient.programs.GetBook [  26] Creating a spring container....
[DEBUG] 2021-06-28 09:52:28,870 main            org.springframework.context.annotation.AnnotationConfigApplicationContext [ 629] Refreshing org.springframework.context.annotation.AnnotationConfigApplicationContext@1cf4f579
[DEBUG] 2021-06-28 09:52:28,893 main            org.springframework.beans.factory.support.DefaultListableBeanFactory [ 225] Creating shared instance of singleton bean 'org.springframework.context.annotation.internalConfigurationAnnotationProcessor'
[DEBUG] 2021-06-28 09:52:29,058 main            org.springframework.beans.factory.support.DefaultListableBeanFactory [ 225] Creating shared instance of singleton bean 'org.springframework.context.event.internalEventListenerProcessor'
[DEBUG] 2021-06-28 09:52:29,061 main            org.springframework.beans.factory.support.DefaultListableBeanFactory [ 225] Creating shared instance of singleton bean 'org.springframework.context.event.internalEventListenerFactory'
[DEBUG] 2021-06-28 09:52:29,062 main            org.springframework.beans.factory.support.DefaultListableBeanFactory [ 225] Creating shared instance of singleton bean 'org.springframework.context.annotation.internalAutowiredAnnotationProcessor'
[DEBUG] 2021-06-28 09:52:29,064 main            org.springframework.beans.factory.support.DefaultListableBeanFactory [ 225] Creating shared instance of singleton bean 'org.springframework.context.annotation.internalCommonAnnotationProcessor'
[DEBUG] 2021-06-28 09:52:29,074 main            org.springframework.beans.factory.support.DefaultListableBeanFactory [ 225] Creating shared instance of singleton bean 'appConfig1'
[DEBUG] 2021-06-28 09:52:29,076 main            com.sapient.config.AppConfig1 [  18] AppConfig1() constructor called
[DEBUG] 2021-06-28 09:52:29,083 main            org.springframework.beans.factory.support.DefaultListableBeanFactory [ 225] Creating shared instance of singleton bean 'jdbcBookDao'
[DEBUG] 2021-06-28 09:52:29,099 main            com.sapient.config.AppConfig1 [  26] AppConfig1.jdbcBookDao() called...
[DEBUG] 2021-06-28 09:52:29,100 main            org.springframework.beans.factory.support.DefaultListableBeanFactory [ 225] Creating shared instance of singleton bean 'jpaBookDao'
[DEBUG] 2021-06-28 09:52:29,101 main            com.sapient.config.AppConfig1 [  32] AppConfig1.jpaBookDao() called...
[DEBUG] 2021-06-28 09:52:29,125 main            com.sapient.programs.GetBook [  28] Creating spring container finished!
[DEBUG] 2021-06-28 09:52:29,129 main            com.sapient.programs.GetBook [  35] b = Book(id=12, title=Java unleashed, author=null, publisher=McHill, price=999.0)
[DEBUG] 2021-06-28 09:52:29,133 main            org.springframework.context.annotation.AnnotationConfigApplicationContext [1049] Closing org.springframework.context.annotation.AnnotationConfigApplicationContext@1cf4f579, started on Mon Jun 28 09:52:28 IST 2021
[DEBUG] 2021-06-28 09:54:17,304 main            com.sapient.programs.GetBook [  26] Creating a spring container....
[DEBUG] 2021-06-28 09:54:17,513 main            org.springframework.context.annotation.AnnotationConfigApplicationContext [ 629] Refreshing org.springframework.context.annotation.AnnotationConfigApplicationContext@1cf4f579
[DEBUG] 2021-06-28 09:54:17,531 main            org.springframework.beans.factory.support.DefaultListableBeanFactory [ 225] Creating shared instance of singleton bean 'org.springframework.context.annotation.internalConfigurationAnnotationProcessor'
[DEBUG] 2021-06-28 09:54:17,660 main            org.springframework.beans.factory.support.DefaultListableBeanFactory [ 225] Creating shared instance of singleton bean 'org.springframework.context.event.internalEventListenerProcessor'
[DEBUG] 2021-06-28 09:54:17,662 main            org.springframework.beans.factory.support.DefaultListableBeanFactory [ 225] Creating shared instance of singleton bean 'org.springframework.context.event.internalEventListenerFactory'
[DEBUG] 2021-06-28 09:54:17,665 main            org.springframework.beans.factory.support.DefaultListableBeanFactory [ 225] Creating shared instance of singleton bean 'org.springframework.context.annotation.internalAutowiredAnnotationProcessor'
[DEBUG] 2021-06-28 09:54:17,667 main            org.springframework.beans.factory.support.DefaultListableBeanFactory [ 225] Creating shared instance of singleton bean 'org.springframework.context.annotation.internalCommonAnnotationProcessor'
[DEBUG] 2021-06-28 09:54:17,674 main            org.springframework.beans.factory.support.DefaultListableBeanFactory [ 225] Creating shared instance of singleton bean 'appConfig1'
[DEBUG] 2021-06-28 09:54:17,675 main            com.sapient.config.AppConfig1 [  18] AppConfig1() constructor called
[DEBUG] 2021-06-28 09:54:17,681 main            org.springframework.beans.factory.support.DefaultListableBeanFactory [ 225] Creating shared instance of singleton bean 'jdbcBookDao'
[DEBUG] 2021-06-28 09:54:17,693 main            com.sapient.config.AppConfig1 [  26] AppConfig1.jdbcBookDao() called...
[DEBUG] 2021-06-28 09:54:17,695 main            org.springframework.beans.factory.support.DefaultListableBeanFactory [ 225] Creating shared instance of singleton bean 'jpaBookDao'
[DEBUG] 2021-06-28 09:54:17,696 main            com.sapient.config.AppConfig1 [  32] AppConfig1.jpaBookDao() called...
[DEBUG] 2021-06-28 09:54:17,717 main            com.sapient.programs.GetBook [  28] Creating spring container finished!
[DEBUG] 2021-06-28 09:54:17,721 main            com.sapient.programs.GetBook [  35] b = Book(id=12, title=Java unleashed, author=null, publisher=McHill, price=999.0)
[DEBUG] 2021-06-28 09:54:17,723 main            org.springframework.context.annotation.AnnotationConfigApplicationContext [1049] Closing org.springframework.context.annotation.AnnotationConfigApplicationContext@1cf4f579, started on Mon Jun 28 09:54:17 IST 2021
[DEBUG] 2021-06-28 09:54:58,628 main            com.sapient.programs.GetBook [  26] Creating a spring container....
[DEBUG] 2021-06-28 09:54:58,853 main            org.springframework.context.annotation.AnnotationConfigApplicationContext [ 629] Refreshing org.springframework.context.annotation.AnnotationConfigApplicationContext@1cf4f579
[DEBUG] 2021-06-28 09:54:58,872 main            org.springframework.beans.factory.support.DefaultListableBeanFactory [ 225] Creating shared instance of singleton bean 'org.springframework.context.annotation.internalConfigurationAnnotationProcessor'
[DEBUG] 2021-06-28 09:54:59,028 main            org.springframework.beans.factory.support.DefaultListableBeanFactory [ 225] Creating shared instance of singleton bean 'org.springframework.context.event.internalEventListenerProcessor'
[DEBUG] 2021-06-28 09:54:59,030 main            org.springframework.beans.factory.support.DefaultListableBeanFactory [ 225] Creating shared instance of singleton bean 'org.springframework.context.event.internalEventListenerFactory'
[DEBUG] 2021-06-28 09:54:59,032 main            org.springframework.beans.factory.support.DefaultListableBeanFactory [ 225] Creating shared instance of singleton bean 'org.springframework.context.annotation.internalAutowiredAnnotationProcessor'
[DEBUG] 2021-06-28 09:54:59,034 main            org.springframework.beans.factory.support.DefaultListableBeanFactory [ 225] Creating shared instance of singleton bean 'org.springframework.context.annotation.internalCommonAnnotationProcessor'
[DEBUG] 2021-06-28 09:54:59,042 main            org.springframework.beans.factory.support.DefaultListableBeanFactory [ 225] Creating shared instance of singleton bean 'appConfig1'
[DEBUG] 2021-06-28 09:54:59,044 main            com.sapient.config.AppConfig1 [  18] AppConfig1() constructor called
[DEBUG] 2021-06-28 09:54:59,050 main            org.springframework.beans.factory.support.DefaultListableBeanFactory [ 225] Creating shared instance of singleton bean 'jdbcBookDao'
[DEBUG] 2021-06-28 09:54:59,068 main            com.sapient.config.AppConfig1 [  26] AppConfig1.jdbcBookDao() called...
[DEBUG] 2021-06-28 09:54:59,069 main            org.springframework.beans.factory.support.DefaultListableBeanFactory [ 225] Creating shared instance of singleton bean 'jpaBookDao'
[DEBUG] 2021-06-28 09:54:59,070 main            com.sapient.config.AppConfig1 [  32] AppConfig1.jpaBookDao() called...
[DEBUG] 2021-06-28 09:54:59,092 main            com.sapient.programs.GetBook [  28] Creating spring container finished!
[DEBUG] 2021-06-28 09:54:59,096 main            com.sapient.programs.GetBook [  39] b = Book(id=12, title=Java unleashed, author=null, publisher=McHill, price=999.0)
[DEBUG] 2021-06-28 09:54:59,100 main            org.springframework.context.annotation.AnnotationConfigApplicationContext [1049] Closing org.springframework.context.annotation.AnnotationConfigApplicationContext@1cf4f579, started on Mon Jun 28 09:54:58 IST 2021
[DEBUG] 2021-06-28 09:56:19,460 main            com.sapient.programs.GetBook [  26] Creating a spring container....
[DEBUG] 2021-06-28 09:56:19,776 main            org.springframework.context.annotation.AnnotationConfigApplicationContext [ 629] Refreshing org.springframework.context.annotation.AnnotationConfigApplicationContext@1cf4f579
[DEBUG] 2021-06-28 09:56:19,801 main            org.springframework.beans.factory.support.DefaultListableBeanFactory [ 225] Creating shared instance of singleton bean 'org.springframework.context.annotation.internalConfigurationAnnotationProcessor'
[DEBUG] 2021-06-28 09:56:19,975 main            org.springframework.beans.factory.support.DefaultListableBeanFactory [ 225] Creating shared instance of singleton bean 'org.springframework.context.event.internalEventListenerProcessor'
[DEBUG] 2021-06-28 09:56:19,978 main            org.springframework.beans.factory.support.DefaultListableBeanFactory [ 225] Creating shared instance of singleton bean 'org.springframework.context.event.internalEventListenerFactory'
[DEBUG] 2021-06-28 09:56:19,980 main            org.springframework.beans.factory.support.DefaultListableBeanFactory [ 225] Creating shared instance of singleton bean 'org.springframework.context.annotation.internalAutowiredAnnotationProcessor'
[DEBUG] 2021-06-28 09:56:19,984 main            org.springframework.beans.factory.support.DefaultListableBeanFactory [ 225] Creating shared instance of singleton bean 'org.springframework.context.annotation.internalCommonAnnotationProcessor'
[DEBUG] 2021-06-28 09:56:19,994 main            org.springframework.beans.factory.support.DefaultListableBeanFactory [ 225] Creating shared instance of singleton bean 'appConfig1'
[DEBUG] 2021-06-28 09:56:19,996 main            com.sapient.config.AppConfig1 [  18] AppConfig1() constructor called
[DEBUG] 2021-06-28 09:56:20,003 main            org.springframework.beans.factory.support.DefaultListableBeanFactory [ 225] Creating shared instance of singleton bean 'jdbcBookDao'
[DEBUG] 2021-06-28 09:56:20,022 main            com.sapient.config.AppConfig1 [  26] AppConfig1.jdbcBookDao() called...
[DEBUG] 2021-06-28 09:56:20,025 main            org.springframework.beans.factory.support.DefaultListableBeanFactory [ 225] Creating shared instance of singleton bean 'jpaBookDao'
[DEBUG] 2021-06-28 09:56:20,027 main            com.sapient.config.AppConfig1 [  32] AppConfig1.jpaBookDao() called...
[DEBUG] 2021-06-28 09:56:20,063 main            com.sapient.programs.GetBook [  28] Creating spring container finished!
[DEBUG] 2021-06-28 09:56:20,065 main            com.sapient.programs.GetBook [  35] dao1==dao is true
[DEBUG] 2021-06-28 09:56:20,069 main            com.sapient.programs.GetBook [  39] b = Book(id=12, title=Java unleashed, author=null, publisher=McHill, price=999.0)
[DEBUG] 2021-06-28 09:56:20,074 main            org.springframework.context.annotation.AnnotationConfigApplicationContext [1049] Closing org.springframework.context.annotation.AnnotationConfigApplicationContext@1cf4f579, started on Mon Jun 28 09:56:19 IST 2021
[DEBUG] 2021-06-28 09:58:01,914 main            com.sapient.programs.GetBook [  26] Creating a spring container....
[DEBUG] 2021-06-28 09:58:02,154 main            org.springframework.context.annotation.AnnotationConfigApplicationContext [ 629] Refreshing org.springframework.context.annotation.AnnotationConfigApplicationContext@1cf4f579
[DEBUG] 2021-06-28 09:58:02,172 main            org.springframework.beans.factory.support.DefaultListableBeanFactory [ 225] Creating shared instance of singleton bean 'org.springframework.context.annotation.internalConfigurationAnnotationProcessor'
[DEBUG] 2021-06-28 09:58:02,324 main            org.springframework.beans.factory.support.DefaultListableBeanFactory [ 225] Creating shared instance of singleton bean 'org.springframework.context.event.internalEventListenerProcessor'
[DEBUG] 2021-06-28 09:58:02,326 main            org.springframework.beans.factory.support.DefaultListableBeanFactory [ 225] Creating shared instance of singleton bean 'org.springframework.context.event.internalEventListenerFactory'
[DEBUG] 2021-06-28 09:58:02,328 main            org.springframework.beans.factory.support.DefaultListableBeanFactory [ 225] Creating shared instance of singleton bean 'org.springframework.context.annotation.internalAutowiredAnnotationProcessor'
[DEBUG] 2021-06-28 09:58:02,330 main            org.springframework.beans.factory.support.DefaultListableBeanFactory [ 225] Creating shared instance of singleton bean 'org.springframework.context.annotation.internalCommonAnnotationProcessor'
[DEBUG] 2021-06-28 09:58:02,339 main            org.springframework.beans.factory.support.DefaultListableBeanFactory [ 225] Creating shared instance of singleton bean 'appConfig1'
[DEBUG] 2021-06-28 09:58:02,341 main            com.sapient.config.AppConfig1 [  19] AppConfig1() constructor called
[DEBUG] 2021-06-28 09:58:02,346 main            org.springframework.beans.factory.support.DefaultListableBeanFactory [ 225] Creating shared instance of singleton bean 'jdbcBookDao'
[DEBUG] 2021-06-28 09:58:02,365 main            com.sapient.config.AppConfig1 [  27] AppConfig1.jdbcBookDao() called...
[DEBUG] 2021-06-28 09:58:02,389 main            com.sapient.programs.GetBook [  28] Creating spring container finished!
[DEBUG] 2021-06-28 09:58:02,391 main            com.sapient.config.AppConfig1 [  34] AppConfig1.jpaBookDao() called...
[DEBUG] 2021-06-28 09:58:02,391 main            com.sapient.config.AppConfig1 [  34] AppConfig1.jpaBookDao() called...
[DEBUG] 2021-06-28 09:58:02,393 main            com.sapient.programs.GetBook [  35] dao1==dao is false
[DEBUG] 2021-06-28 09:58:02,395 main            com.sapient.programs.GetBook [  39] b = Book(id=12, title=Java unleashed, author=null, publisher=McHill, price=999.0)
[DEBUG] 2021-06-28 09:58:02,399 main            org.springframework.context.annotation.AnnotationConfigApplicationContext [1049] Closing org.springframework.context.annotation.AnnotationConfigApplicationContext@1cf4f579, started on Mon Jun 28 09:58:02 IST 2021
[DEBUG] 2021-06-28 10:01:04,625 main            com.sapient.programs.GetBook [  26] Creating a spring container....
[DEBUG] 2021-06-28 10:01:04,856 main            org.springframework.context.annotation.AnnotationConfigApplicationContext [ 629] Refreshing org.springframework.context.annotation.AnnotationConfigApplicationContext@1cf4f579
[DEBUG] 2021-06-28 10:01:04,878 main            org.springframework.beans.factory.support.DefaultListableBeanFactory [ 225] Creating shared instance of singleton bean 'org.springframework.context.annotation.internalConfigurationAnnotationProcessor'
[DEBUG] 2021-06-28 10:01:05,029 main            org.springframework.beans.factory.support.DefaultListableBeanFactory [ 225] Creating shared instance of singleton bean 'org.springframework.context.event.internalEventListenerProcessor'
[DEBUG] 2021-06-28 10:01:05,031 main            org.springframework.beans.factory.support.DefaultListableBeanFactory [ 225] Creating shared instance of singleton bean 'org.springframework.context.event.internalEventListenerFactory'
[DEBUG] 2021-06-28 10:01:05,033 main            org.springframework.beans.factory.support.DefaultListableBeanFactory [ 225] Creating shared instance of singleton bean 'org.springframework.context.annotation.internalAutowiredAnnotationProcessor'
[DEBUG] 2021-06-28 10:01:05,035 main            org.springframework.beans.factory.support.DefaultListableBeanFactory [ 225] Creating shared instance of singleton bean 'org.springframework.context.annotation.internalCommonAnnotationProcessor'
[DEBUG] 2021-06-28 10:01:05,046 main            org.springframework.beans.factory.support.DefaultListableBeanFactory [ 225] Creating shared instance of singleton bean 'appConfig1'
[DEBUG] 2021-06-28 10:01:05,047 main            com.sapient.config.AppConfig1 [  19] AppConfig1() constructor called
[DEBUG] 2021-06-28 10:01:05,054 main            org.springframework.beans.factory.support.DefaultListableBeanFactory [ 225] Creating shared instance of singleton bean 'jdbcBookDao'
[DEBUG] 2021-06-28 10:01:05,068 main            com.sapient.config.AppConfig1 [  27] AppConfig1.jdbcBookDao() called...
[DEBUG] 2021-06-28 10:01:05,090 main            com.sapient.programs.GetBook [  28] Creating spring container finished!
[DEBUG] 2021-06-28 10:01:05,092 main            com.sapient.config.AppConfig1 [  34] AppConfig1.jpaBookDao() called...
[DEBUG] 2021-06-28 10:01:05,093 main            com.sapient.config.AppConfig1 [  34] AppConfig1.jpaBookDao() called...
[DEBUG] 2021-06-28 10:01:05,094 main            com.sapient.programs.GetBook [  35] dao1==dao is false
[DEBUG] 2021-06-28 10:01:05,096 main            com.sapient.programs.GetBook [  39] b = Book(id=12, title=Java unleashed, author=null, publisher=McHill, price=999.0)
[DEBUG] 2021-06-28 10:01:05,100 main            org.springframework.context.annotation.AnnotationConfigApplicationContext [1049] Closing org.springframework.context.annotation.AnnotationConfigApplicationContext@1cf4f579, started on Mon Jun 28 10:01:04 IST 2021
[DEBUG] 2021-06-28 10:02:21,444 main            com.sapient.programs.GetBook [  26] Creating a spring container....
[DEBUG] 2021-06-28 10:02:21,690 main            org.springframework.context.annotation.AnnotationConfigApplicationContext [ 629] Refreshing org.springframework.context.annotation.AnnotationConfigApplicationContext@1cf4f579
[DEBUG] 2021-06-28 10:02:21,713 main            org.springframework.beans.factory.support.DefaultListableBeanFactory [ 225] Creating shared instance of singleton bean 'org.springframework.context.annotation.internalConfigurationAnnotationProcessor'
[DEBUG] 2021-06-28 10:02:21,873 main            org.springframework.beans.factory.support.DefaultListableBeanFactory [ 225] Creating shared instance of singleton bean 'org.springframework.context.event.internalEventListenerProcessor'
[DEBUG] 2021-06-28 10:02:21,876 main            org.springframework.beans.factory.support.DefaultListableBeanFactory [ 225] Creating shared instance of singleton bean 'org.springframework.context.event.internalEventListenerFactory'
[DEBUG] 2021-06-28 10:02:21,877 main            org.springframework.beans.factory.support.DefaultListableBeanFactory [ 225] Creating shared instance of singleton bean 'org.springframework.context.annotation.internalAutowiredAnnotationProcessor'
[DEBUG] 2021-06-28 10:02:21,881 main            org.springframework.beans.factory.support.DefaultListableBeanFactory [ 225] Creating shared instance of singleton bean 'org.springframework.context.annotation.internalCommonAnnotationProcessor'
[DEBUG] 2021-06-28 10:02:21,891 main            org.springframework.beans.factory.support.DefaultListableBeanFactory [ 225] Creating shared instance of singleton bean 'appConfig1'
[DEBUG] 2021-06-28 10:02:21,893 main            com.sapient.config.AppConfig1 [  20] AppConfig1() constructor called
[DEBUG] 2021-06-28 10:02:21,923 main            com.sapient.programs.GetBook [  28] Creating spring container finished!
[DEBUG] 2021-06-28 10:02:21,938 main            com.sapient.config.AppConfig1 [  36] AppConfig1.jpaBookDao() called...
[DEBUG] 2021-06-28 10:02:21,940 main            com.sapient.config.AppConfig1 [  36] AppConfig1.jpaBookDao() called...
[DEBUG] 2021-06-28 10:02:21,942 main            com.sapient.programs.GetBook [  35] dao1==dao is false
[DEBUG] 2021-06-28 10:02:21,944 main            com.sapient.programs.GetBook [  39] b = Book(id=12, title=Java unleashed, author=null, publisher=McHill, price=999.0)
[DEBUG] 2021-06-28 10:02:21,948 main            org.springframework.context.annotation.AnnotationConfigApplicationContext [1049] Closing org.springframework.context.annotation.AnnotationConfigApplicationContext@1cf4f579, started on Mon Jun 28 10:02:21 IST 2021
[DEBUG] 2021-06-28 10:03:14,341 main            com.sapient.programs.GetBook [  26] Creating a spring container....
[DEBUG] 2021-06-28 10:03:14,587 main            org.springframework.context.annotation.AnnotationConfigApplicationContext [ 629] Refreshing org.springframework.context.annotation.AnnotationConfigApplicationContext@1cf4f579
[DEBUG] 2021-06-28 10:03:14,608 main            org.springframework.beans.factory.support.DefaultListableBeanFactory [ 225] Creating shared instance of singleton bean 'org.springframework.context.annotation.internalConfigurationAnnotationProcessor'
[DEBUG] 2021-06-28 10:03:14,768 main            org.springframework.beans.factory.support.DefaultListableBeanFactory [ 225] Creating shared instance of singleton bean 'org.springframework.context.event.internalEventListenerProcessor'
[DEBUG] 2021-06-28 10:03:14,770 main            org.springframework.beans.factory.support.DefaultListableBeanFactory [ 225] Creating shared instance of singleton bean 'org.springframework.context.event.internalEventListenerFactory'
[DEBUG] 2021-06-28 10:03:14,773 main            org.springframework.beans.factory.support.DefaultListableBeanFactory [ 225] Creating shared instance of singleton bean 'org.springframework.context.annotation.internalAutowiredAnnotationProcessor'
[DEBUG] 2021-06-28 10:03:14,775 main            org.springframework.beans.factory.support.DefaultListableBeanFactory [ 225] Creating shared instance of singleton bean 'org.springframework.context.annotation.internalCommonAnnotationProcessor'
[DEBUG] 2021-06-28 10:03:14,784 main            org.springframework.beans.factory.support.DefaultListableBeanFactory [ 225] Creating shared instance of singleton bean 'appConfig1'
[DEBUG] 2021-06-28 10:03:14,785 main            com.sapient.config.AppConfig1 [  20] AppConfig1() constructor called
[DEBUG] 2021-06-28 10:03:14,815 main            com.sapient.programs.GetBook [  28] Creating spring container finished!
[DEBUG] 2021-06-28 10:03:14,833 main            com.sapient.config.AppConfig1 [  36] AppConfig1.jpaBookDao() called...
[DEBUG] 2021-06-28 10:03:14,834 main            com.sapient.config.AppConfig1 [  36] AppConfig1.jpaBookDao() called...
[DEBUG] 2021-06-28 10:03:14,836 main            com.sapient.programs.GetBook [  35] dao1==dao is false
[DEBUG] 2021-06-28 10:03:14,839 main            com.sapient.programs.GetBook [  39] b = Book(id=12, title=Java unleashed, author=null, publisher=McHill, price=999.0)
[DEBUG] 2021-06-28 10:03:14,839 main            org.springframework.beans.factory.support.DefaultListableBeanFactory [ 225] Creating shared instance of singleton bean 'jdbcBookDao'
[DEBUG] 2021-06-28 10:03:14,841 main            com.sapient.config.AppConfig1 [  29] AppConfig1.jdbcBookDao() called...
[DEBUG] 2021-06-28 10:03:14,847 main            org.springframework.context.annotation.AnnotationConfigApplicationContext [1049] Closing org.springframework.context.annotation.AnnotationConfigApplicationContext@1cf4f579, started on Mon Jun 28 10:03:14 IST 2021
[DEBUG] 2021-06-28 10:27:54,296 main            org.springframework.context.annotation.AnnotationConfigApplicationContext [ 629] Refreshing org.springframework.context.annotation.AnnotationConfigApplicationContext@6438a396
[DEBUG] 2021-06-28 10:27:54,337 main            org.springframework.beans.factory.support.DefaultListableBeanFactory [ 225] Creating shared instance of singleton bean 'org.springframework.context.annotation.internalConfigurationAnnotationProcessor'
[DEBUG] 2021-06-28 10:27:54,478 main            org.springframework.beans.factory.support.DefaultListableBeanFactory [ 225] Creating shared instance of singleton bean 'org.springframework.context.event.internalEventListenerProcessor'
[DEBUG] 2021-06-28 10:27:54,483 main            org.springframework.beans.factory.support.DefaultListableBeanFactory [ 225] Creating shared instance of singleton bean 'org.springframework.context.event.internalEventListenerFactory'
[DEBUG] 2021-06-28 10:27:54,484 main            org.springframework.beans.factory.support.DefaultListableBeanFactory [ 225] Creating shared instance of singleton bean 'org.springframework.context.annotation.internalAutowiredAnnotationProcessor'
[DEBUG] 2021-06-28 10:27:54,486 main            org.springframework.beans.factory.support.DefaultListableBeanFactory [ 225] Creating shared instance of singleton bean 'org.springframework.context.annotation.internalCommonAnnotationProcessor'
[DEBUG] 2021-06-28 10:27:54,495 main            org.springframework.beans.factory.support.DefaultListableBeanFactory [ 225] Creating shared instance of singleton bean 'appConfig2'
[DEBUG] 2021-06-28 10:27:54,524 main            org.springframework.beans.factory.support.DefaultListableBeanFactory [ 225] Creating shared instance of singleton bean 'jdbcBookDao'
[DEBUG] 2021-06-28 10:37:30,422 main            org.springframework.context.annotation.AnnotationConfigApplicationContext [ 629] Refreshing org.springframework.context.annotation.AnnotationConfigApplicationContext@46ee7fe8
[DEBUG] 2021-06-28 10:37:30,448 main            org.springframework.beans.factory.support.DefaultListableBeanFactory [ 225] Creating shared instance of singleton bean 'org.springframework.context.annotation.internalConfigurationAnnotationProcessor'
[DEBUG] 2021-06-28 10:37:30,606 main            org.springframework.beans.factory.support.DefaultListableBeanFactory [ 225] Creating shared instance of singleton bean 'org.springframework.context.event.internalEventListenerProcessor'
[DEBUG] 2021-06-28 10:37:30,613 main            org.springframework.beans.factory.support.DefaultListableBeanFactory [ 225] Creating shared instance of singleton bean 'org.springframework.context.event.internalEventListenerFactory'
[DEBUG] 2021-06-28 10:37:30,616 main            org.springframework.beans.factory.support.DefaultListableBeanFactory [ 225] Creating shared instance of singleton bean 'org.springframework.context.annotation.internalAutowiredAnnotationProcessor'
[DEBUG] 2021-06-28 10:37:30,619 main            org.springframework.beans.factory.support.DefaultListableBeanFactory [ 225] Creating shared instance of singleton bean 'org.springframework.context.annotation.internalCommonAnnotationProcessor'
[DEBUG] 2021-06-28 10:37:30,628 main            org.springframework.beans.factory.support.DefaultListableBeanFactory [ 225] Creating shared instance of singleton bean 'appConfig2'
[DEBUG] 2021-06-28 10:37:30,635 main            org.springframework.beans.factory.support.DefaultListableBeanFactory [ 225] Creating shared instance of singleton bean 'basicDataSource'
[DEBUG] 2021-06-28 10:37:30,710 main            org.springframework.beans.factory.support.DefaultListableBeanFactory [ 225] Creating shared instance of singleton bean 'jdbcBookDao'
[DEBUG] 2021-06-28 10:37:30,720 main            org.springframework.beans.factory.support.DefaultListableBeanFactory [ 808] Autowiring by type from bean name 'jdbcBookDao' via factory method to bean named 'basicDataSource'
[DEBUG] 2021-06-28 10:38:10,123 main            org.springframework.context.annotation.AnnotationConfigApplicationContext [ 629] Refreshing org.springframework.context.annotation.AnnotationConfigApplicationContext@573fd745
[DEBUG] 2021-06-28 10:38:10,157 main            org.springframework.beans.factory.support.DefaultListableBeanFactory [ 225] Creating shared instance of singleton bean 'org.springframework.context.annotation.internalConfigurationAnnotationProcessor'
[DEBUG] 2021-06-28 10:38:10,339 main            org.springframework.beans.factory.support.DefaultListableBeanFactory [ 225] Creating shared instance of singleton bean 'org.springframework.context.event.internalEventListenerProcessor'
[DEBUG] 2021-06-28 10:38:10,344 main            org.springframework.beans.factory.support.DefaultListableBeanFactory [ 225] Creating shared instance of singleton bean 'org.springframework.context.event.internalEventListenerFactory'
[DEBUG] 2021-06-28 10:38:10,346 main            org.springframework.beans.factory.support.DefaultListableBeanFactory [ 225] Creating shared instance of singleton bean 'org.springframework.context.annotation.internalAutowiredAnnotationProcessor'
[DEBUG] 2021-06-28 10:38:10,348 main            org.springframework.beans.factory.support.DefaultListableBeanFactory [ 225] Creating shared instance of singleton bean 'org.springframework.context.annotation.internalCommonAnnotationProcessor'
[DEBUG] 2021-06-28 10:38:10,362 main            org.springframework.beans.factory.support.DefaultListableBeanFactory [ 225] Creating shared instance of singleton bean 'appConfig2'
[DEBUG] 2021-06-28 10:38:10,370 main            org.springframework.beans.factory.support.DefaultListableBeanFactory [ 225] Creating shared instance of singleton bean 'basicDataSource'
[DEBUG] 2021-06-28 10:38:10,455 main            org.springframework.beans.factory.support.DefaultListableBeanFactory [ 225] Creating shared instance of singleton bean 'jdbcBookDao'
[DEBUG] 2021-06-28 10:38:10,466 main            org.springframework.beans.factory.support.DefaultListableBeanFactory [ 808] Autowiring by type from bean name 'jdbcBookDao' via factory method to bean named 'basicDataSource'
[DEBUG] 2021-06-28 10:38:32,048 main            org.springframework.context.annotation.AnnotationConfigApplicationContext [ 629] Refreshing org.springframework.context.annotation.AnnotationConfigApplicationContext@573fd745
[DEBUG] 2021-06-28 10:38:32,078 main            org.springframework.beans.factory.support.DefaultListableBeanFactory [ 225] Creating shared instance of singleton bean 'org.springframework.context.annotation.internalConfigurationAnnotationProcessor'
[DEBUG] 2021-06-28 10:38:32,264 main            org.springframework.beans.factory.support.DefaultListableBeanFactory [ 225] Creating shared instance of singleton bean 'org.springframework.context.event.internalEventListenerProcessor'
[DEBUG] 2021-06-28 10:38:32,270 main            org.springframework.beans.factory.support.DefaultListableBeanFactory [ 225] Creating shared instance of singleton bean 'org.springframework.context.event.internalEventListenerFactory'
[DEBUG] 2021-06-28 10:38:32,272 main            org.springframework.beans.factory.support.DefaultListableBeanFactory [ 225] Creating shared instance of singleton bean 'org.springframework.context.annotation.internalAutowiredAnnotationProcessor'
[DEBUG] 2021-06-28 10:38:32,274 main            org.springframework.beans.factory.support.DefaultListableBeanFactory [ 225] Creating shared instance of singleton bean 'org.springframework.context.annotation.internalCommonAnnotationProcessor'
[DEBUG] 2021-06-28 10:38:32,284 main            org.springframework.beans.factory.support.DefaultListableBeanFactory [ 225] Creating shared instance of singleton bean 'appConfig2'
[DEBUG] 2021-06-28 10:38:32,295 main            org.springframework.beans.factory.support.DefaultListableBeanFactory [ 225] Creating shared instance of singleton bean 'basicDataSource'
[DEBUG] 2021-06-28 10:38:32,380 main            org.springframework.beans.factory.support.DefaultListableBeanFactory [ 225] Creating shared instance of singleton bean 'jdbcBookDao'
[DEBUG] 2021-06-28 10:38:32,388 main            org.springframework.beans.factory.support.DefaultListableBeanFactory [ 808] Autowiring by type from bean name 'jdbcBookDao' via factory method to bean named 'basicDataSource'
[DEBUG] 2021-06-28 10:38:33,739 main            com.sapient.programs.GetBookFromDb [  19] b1 = Book(id=1, title=Let us C, author=Y Kanitkar, publisher=BPB, price=299.0)
[DEBUG] 2021-06-28 10:38:33,743 main            org.springframework.context.annotation.AnnotationConfigApplicationContext [1049] Closing org.springframework.context.annotation.AnnotationConfigApplicationContext@573fd745, started on Mon Jun 28 10:38:32 IST 2021
[DEBUG] 2021-06-28 10:39:58,057 main            org.springframework.context.annotation.AnnotationConfigApplicationContext [ 629] Refreshing org.springframework.context.annotation.AnnotationConfigApplicationContext@573fd745
[DEBUG] 2021-06-28 10:39:58,077 main            org.springframework.beans.factory.support.DefaultListableBeanFactory [ 225] Creating shared instance of singleton bean 'org.springframework.context.annotation.internalConfigurationAnnotationProcessor'
[DEBUG] 2021-06-28 10:39:58,223 main            org.springframework.beans.factory.support.DefaultListableBeanFactory [ 225] Creating shared instance of singleton bean 'org.springframework.context.event.internalEventListenerProcessor'
[DEBUG] 2021-06-28 10:39:58,228 main            org.springframework.beans.factory.support.DefaultListableBeanFactory [ 225] Creating shared instance of singleton bean 'org.springframework.context.event.internalEventListenerFactory'
[DEBUG] 2021-06-28 10:39:58,230 main            org.springframework.beans.factory.support.DefaultListableBeanFactory [ 225] Creating shared instance of singleton bean 'org.springframework.context.annotation.internalAutowiredAnnotationProcessor'
[DEBUG] 2021-06-28 10:39:58,233 main            org.springframework.beans.factory.support.DefaultListableBeanFactory [ 225] Creating shared instance of singleton bean 'org.springframework.context.annotation.internalCommonAnnotationProcessor'
[DEBUG] 2021-06-28 10:39:58,243 main            org.springframework.beans.factory.support.DefaultListableBeanFactory [ 225] Creating shared instance of singleton bean 'appConfig2'
[DEBUG] 2021-06-28 10:39:58,250 main            org.springframework.beans.factory.support.DefaultListableBeanFactory [ 225] Creating shared instance of singleton bean 'basicDataSource'
[DEBUG] 2021-06-28 10:39:58,374 main            org.springframework.beans.factory.support.DefaultListableBeanFactory [ 225] Creating shared instance of singleton bean 'jdbcBookDao'
[DEBUG] 2021-06-28 10:39:58,380 main            org.springframework.beans.factory.support.DefaultListableBeanFactory [ 808] Autowiring by type from bean name 'jdbcBookDao' via factory method to bean named 'basicDataSource'
[DEBUG] 2021-06-28 10:39:59,418 main            com.sapient.programs.GetBookFromDb [  19] b1 = Book(id=1, title=Let us C, author=Y Kanitkar, publisher=BPB, price=299.0)
[DEBUG] 2021-06-28 10:39:59,422 main            org.springframework.context.annotation.AnnotationConfigApplicationContext [1049] Closing org.springframework.context.annotation.AnnotationConfigApplicationContext@573fd745, started on Mon Jun 28 10:39:58 IST 2021
[DEBUG] 2021-06-28 11:04:20,167 main            org.springframework.context.annotation.AnnotationConfigApplicationContext [ 629] Refreshing org.springframework.context.annotation.AnnotationConfigApplicationContext@573fd745
[DEBUG] 2021-06-28 11:04:20,191 main            org.springframework.beans.factory.support.DefaultListableBeanFactory [ 225] Creating shared instance of singleton bean 'org.springframework.context.annotation.internalConfigurationAnnotationProcessor'
[DEBUG] 2021-06-28 11:04:20,323 main            org.springframework.beans.factory.support.DefaultListableBeanFactory [ 225] Creating shared instance of singleton bean 'org.springframework.context.event.internalEventListenerProcessor'
[DEBUG] 2021-06-28 11:04:20,327 main            org.springframework.beans.factory.support.DefaultListableBeanFactory [ 225] Creating shared instance of singleton bean 'org.springframework.context.event.internalEventListenerFactory'
[DEBUG] 2021-06-28 11:04:20,329 main            org.springframework.beans.factory.support.DefaultListableBeanFactory [ 225] Creating shared instance of singleton bean 'org.springframework.context.annotation.internalAutowiredAnnotationProcessor'
[DEBUG] 2021-06-28 11:04:20,331 main            org.springframework.beans.factory.support.DefaultListableBeanFactory [ 225] Creating shared instance of singleton bean 'org.springframework.context.annotation.internalCommonAnnotationProcessor'
[DEBUG] 2021-06-28 11:04:20,340 main            org.springframework.beans.factory.support.DefaultListableBeanFactory [ 225] Creating shared instance of singleton bean 'appConfig3'
[DEBUG] 2021-06-28 11:04:20,344 main            org.springframework.beans.factory.support.DefaultListableBeanFactory [ 225] Creating shared instance of singleton bean 'basicDataSource'
[DEBUG] 2021-06-28 11:04:20,402 main            org.springframework.beans.factory.support.DefaultListableBeanFactory [ 225] Creating shared instance of singleton bean 'jdbcBookDao'
[DEBUG] 2021-06-28 11:05:22,954 main            org.springframework.context.annotation.AnnotationConfigApplicationContext [ 629] Refreshing org.springframework.context.annotation.AnnotationConfigApplicationContext@573fd745
[DEBUG] 2021-06-28 11:05:22,976 main            org.springframework.beans.factory.support.DefaultListableBeanFactory [ 225] Creating shared instance of singleton bean 'org.springframework.context.annotation.internalConfigurationAnnotationProcessor'
[DEBUG] 2021-06-28 11:05:23,111 main            org.springframework.beans.factory.support.DefaultListableBeanFactory [ 225] Creating shared instance of singleton bean 'org.springframework.context.event.internalEventListenerProcessor'
[DEBUG] 2021-06-28 11:05:23,116 main            org.springframework.beans.factory.support.DefaultListableBeanFactory [ 225] Creating shared instance of singleton bean 'org.springframework.context.event.internalEventListenerFactory'
[DEBUG] 2021-06-28 11:05:23,119 main            org.springframework.beans.factory.support.DefaultListableBeanFactory [ 225] Creating shared instance of singleton bean 'org.springframework.context.annotation.internalAutowiredAnnotationProcessor'
[DEBUG] 2021-06-28 11:05:23,120 main            org.springframework.beans.factory.support.DefaultListableBeanFactory [ 225] Creating shared instance of singleton bean 'org.springframework.context.annotation.internalCommonAnnotationProcessor'
[DEBUG] 2021-06-28 11:05:23,127 main            org.springframework.beans.factory.support.DefaultListableBeanFactory [ 225] Creating shared instance of singleton bean 'appConfig3'
[DEBUG] 2021-06-28 11:05:23,132 main            org.springframework.beans.factory.support.DefaultListableBeanFactory [ 225] Creating shared instance of singleton bean 'basicDataSource'
[DEBUG] 2021-06-28 11:05:23,190 main            org.springframework.beans.factory.support.DefaultListableBeanFactory [ 225] Creating shared instance of singleton bean 'jdbcBookDao'
[DEBUG] 2021-06-28 11:05:24,120 main            com.sapient.programs.GetBookFromDb [  19] b1 = Book(id=1, title=Let us C, author=Y Kanitkar, publisher=BPB, price=299.0)
[DEBUG] 2021-06-28 11:05:24,123 main            org.springframework.context.annotation.AnnotationConfigApplicationContext [1049] Closing org.springframework.context.annotation.AnnotationConfigApplicationContext@573fd745, started on Mon Jun 28 11:05:22 IST 2021
[DEBUG] 2021-06-28 11:07:55,050 main            org.springframework.context.annotation.AnnotationConfigApplicationContext [ 629] Refreshing org.springframework.context.annotation.AnnotationConfigApplicationContext@573fd745
[DEBUG] 2021-06-28 11:07:55,078 main            org.springframework.beans.factory.support.DefaultListableBeanFactory [ 225] Creating shared instance of singleton bean 'org.springframework.context.annotation.internalConfigurationAnnotationProcessor'
[DEBUG] 2021-06-28 11:07:55,228 main            org.springframework.beans.factory.support.DefaultListableBeanFactory [ 225] Creating shared instance of singleton bean 'org.springframework.context.event.internalEventListenerProcessor'
[DEBUG] 2021-06-28 11:07:55,232 main            org.springframework.beans.factory.support.DefaultListableBeanFactory [ 225] Creating shared instance of singleton bean 'org.springframework.context.event.internalEventListenerFactory'
[DEBUG] 2021-06-28 11:07:55,234 main            org.springframework.beans.factory.support.DefaultListableBeanFactory [ 225] Creating shared instance of singleton bean 'org.springframework.context.annotation.internalAutowiredAnnotationProcessor'
[DEBUG] 2021-06-28 11:07:55,236 main            org.springframework.beans.factory.support.DefaultListableBeanFactory [ 225] Creating shared instance of singleton bean 'org.springframework.context.annotation.internalCommonAnnotationProcessor'
[DEBUG] 2021-06-28 11:07:55,245 main            org.springframework.beans.factory.support.DefaultListableBeanFactory [ 225] Creating shared instance of singleton bean 'appConfig3'
[DEBUG] 2021-06-28 11:07:55,250 main            org.springframework.beans.factory.support.DefaultListableBeanFactory [ 225] Creating shared instance of singleton bean 'basicDataSource'
[DEBUG] 2021-06-28 11:07:55,316 main            org.springframework.beans.factory.support.DefaultListableBeanFactory [ 225] Creating shared instance of singleton bean 'jdbcBookDao'
[DEBUG] 2021-06-28 11:07:55,320 main            com.sapient.dao.JdbcBookDao [  26] JdbcBookDao constructor called, and ds is null
[DEBUG] 2021-06-28 11:07:55,331 main            com.sapient.dao.JdbcBookDao [  32] JdbcBookDao.init() called, and ds is org.apache.commons.dbcp2.BasicDataSource@670002
[DEBUG] 2021-06-28 11:07:56,525 main            com.sapient.programs.GetBookFromDb [  19] b1 = Book(id=1, title=Let us C, author=Y Kanitkar, publisher=BPB, price=299.0)
[DEBUG] 2021-06-28 11:07:56,528 main            org.springframework.context.annotation.AnnotationConfigApplicationContext [1049] Closing org.springframework.context.annotation.AnnotationConfigApplicationContext@573fd745, started on Mon Jun 28 11:07:55 IST 2021
[DEBUG] 2021-06-28 11:11:05,947 main            org.springframework.context.annotation.AnnotationConfigApplicationContext [ 629] Refreshing org.springframework.context.annotation.AnnotationConfigApplicationContext@573fd745
[DEBUG] 2021-06-28 11:11:05,969 main            org.springframework.beans.factory.support.DefaultListableBeanFactory [ 225] Creating shared instance of singleton bean 'org.springframework.context.annotation.internalConfigurationAnnotationProcessor'
[DEBUG] 2021-06-28 11:11:06,106 main            org.springframework.beans.factory.support.DefaultListableBeanFactory [ 225] Creating shared instance of singleton bean 'org.springframework.context.event.internalEventListenerProcessor'
[DEBUG] 2021-06-28 11:11:06,110 main            org.springframework.beans.factory.support.DefaultListableBeanFactory [ 225] Creating shared instance of singleton bean 'org.springframework.context.event.internalEventListenerFactory'
[DEBUG] 2021-06-28 11:11:06,112 main            org.springframework.beans.factory.support.DefaultListableBeanFactory [ 225] Creating shared instance of singleton bean 'org.springframework.context.annotation.internalAutowiredAnnotationProcessor'
[DEBUG] 2021-06-28 11:11:06,113 main            org.springframework.beans.factory.support.DefaultListableBeanFactory [ 225] Creating shared instance of singleton bean 'org.springframework.context.annotation.internalCommonAnnotationProcessor'
[DEBUG] 2021-06-28 11:11:06,122 main            org.springframework.beans.factory.support.DefaultListableBeanFactory [ 225] Creating shared instance of singleton bean 'appConfig3'
[DEBUG] 2021-06-28 11:11:06,128 main            org.springframework.beans.factory.support.DefaultListableBeanFactory [ 225] Creating shared instance of singleton bean 'basicDataSource'
[DEBUG] 2021-06-28 11:11:06,165 main            org.springframework.beans.factory.support.DefaultListableBeanFactory [ 225] Creating shared instance of singleton bean 'dataSource'
[DEBUG] 2021-06-28 11:11:06,191 main            org.springframework.beans.factory.support.DefaultListableBeanFactory [ 225] Creating shared instance of singleton bean 'jdbcBookDao'
[DEBUG] 2021-06-28 11:11:06,194 main            com.sapient.dao.JdbcBookDao [  29] JdbcBookDao constructor called, and ds is null
[DEBUG] 2021-06-28 11:11:47,515 main            org.springframework.context.annotation.AnnotationConfigApplicationContext [ 629] Refreshing org.springframework.context.annotation.AnnotationConfigApplicationContext@573fd745
[DEBUG] 2021-06-28 11:11:47,535 main            org.springframework.beans.factory.support.DefaultListableBeanFactory [ 225] Creating shared instance of singleton bean 'org.springframework.context.annotation.internalConfigurationAnnotationProcessor'
[DEBUG] 2021-06-28 11:11:47,672 main            org.springframework.beans.factory.support.DefaultListableBeanFactory [ 225] Creating shared instance of singleton bean 'org.springframework.context.event.internalEventListenerProcessor'
[DEBUG] 2021-06-28 11:11:47,676 main            org.springframework.beans.factory.support.DefaultListableBeanFactory [ 225] Creating shared instance of singleton bean 'org.springframework.context.event.internalEventListenerFactory'
[DEBUG] 2021-06-28 11:11:47,678 main            org.springframework.beans.factory.support.DefaultListableBeanFactory [ 225] Creating shared instance of singleton bean 'org.springframework.context.annotation.internalAutowiredAnnotationProcessor'
[DEBUG] 2021-06-28 11:11:47,680 main            org.springframework.beans.factory.support.DefaultListableBeanFactory [ 225] Creating shared instance of singleton bean 'org.springframework.context.annotation.internalCommonAnnotationProcessor'
[DEBUG] 2021-06-28 11:11:47,687 main            org.springframework.beans.factory.support.DefaultListableBeanFactory [ 225] Creating shared instance of singleton bean 'appConfig3'
[DEBUG] 2021-06-28 11:11:47,694 main            org.springframework.beans.factory.support.DefaultListableBeanFactory [ 225] Creating shared instance of singleton bean 'ds'
[DEBUG] 2021-06-28 11:11:47,734 main            org.springframework.beans.factory.support.DefaultListableBeanFactory [ 225] Creating shared instance of singleton bean 'dataSource'
[DEBUG] 2021-06-28 11:11:47,760 main            org.springframework.beans.factory.support.DefaultListableBeanFactory [ 225] Creating shared instance of singleton bean 'jdbcBookDao'
[DEBUG] 2021-06-28 11:11:47,763 main            com.sapient.dao.JdbcBookDao [  29] JdbcBookDao constructor called, and ds is null
[DEBUG] 2021-06-28 11:11:47,774 main            com.sapient.dao.JdbcBookDao [  35] JdbcBookDao.init() called, and ds is org.apache.commons.dbcp2.BasicDataSource@1f3f4916
[DEBUG] 2021-06-28 11:11:48,711 main            com.sapient.programs.GetBookFromDb [  19] b1 = Book(id=1, title=Let us C, author=Y Kanitkar, publisher=BPB, price=299.0)
[DEBUG] 2021-06-28 11:11:48,714 main            org.springframework.context.annotation.AnnotationConfigApplicationContext [1049] Closing org.springframework.context.annotation.AnnotationConfigApplicationContext@573fd745, started on Mon Jun 28 11:11:47 IST 2021
[DEBUG] 2021-06-28 11:17:11,732 main            org.springframework.context.annotation.AnnotationConfigApplicationContext [ 629] Refreshing org.springframework.context.annotation.AnnotationConfigApplicationContext@573fd745
[DEBUG] 2021-06-28 11:17:11,758 main            org.springframework.beans.factory.support.DefaultListableBeanFactory [ 225] Creating shared instance of singleton bean 'org.springframework.context.annotation.internalConfigurationAnnotationProcessor'
[DEBUG] 2021-06-28 11:17:11,898 main            org.springframework.beans.factory.support.DefaultListableBeanFactory [ 225] Creating shared instance of singleton bean 'org.springframework.context.event.internalEventListenerProcessor'
[DEBUG] 2021-06-28 11:17:11,902 main            org.springframework.beans.factory.support.DefaultListableBeanFactory [ 225] Creating shared instance of singleton bean 'org.springframework.context.event.internalEventListenerFactory'
[DEBUG] 2021-06-28 11:17:11,904 main            org.springframework.beans.factory.support.DefaultListableBeanFactory [ 225] Creating shared instance of singleton bean 'org.springframework.context.annotation.internalAutowiredAnnotationProcessor'
[DEBUG] 2021-06-28 11:17:11,906 main            org.springframework.beans.factory.support.DefaultListableBeanFactory [ 225] Creating shared instance of singleton bean 'org.springframework.context.annotation.internalCommonAnnotationProcessor'
[DEBUG] 2021-06-28 11:17:11,916 main            org.springframework.beans.factory.support.DefaultListableBeanFactory [ 225] Creating shared instance of singleton bean 'appConfig4'
[DEBUG] 2021-06-28 11:17:11,922 main            org.springframework.beans.factory.support.DefaultListableBeanFactory [ 225] Creating shared instance of singleton bean 'ds'
[DEBUG] 2021-06-28 11:19:13,922 main            org.springframework.context.annotation.AnnotationConfigApplicationContext [ 629] Refreshing org.springframework.context.annotation.AnnotationConfigApplicationContext@573fd745
[DEBUG] 2021-06-28 11:19:13,949 main            org.springframework.beans.factory.support.DefaultListableBeanFactory [ 225] Creating shared instance of singleton bean 'org.springframework.context.annotation.internalConfigurationAnnotationProcessor'
[DEBUG] 2021-06-28 11:19:14,191 main            org.springframework.beans.factory.support.DefaultListableBeanFactory [ 225] Creating shared instance of singleton bean 'org.springframework.context.event.internalEventListenerProcessor'
[DEBUG] 2021-06-28 11:19:14,196 main            org.springframework.beans.factory.support.DefaultListableBeanFactory [ 225] Creating shared instance of singleton bean 'org.springframework.context.event.internalEventListenerFactory'
[DEBUG] 2021-06-28 11:19:14,199 main            org.springframework.beans.factory.support.DefaultListableBeanFactory [ 225] Creating shared instance of singleton bean 'org.springframework.context.annotation.internalAutowiredAnnotationProcessor'
[DEBUG] 2021-06-28 11:19:14,203 main            org.springframework.beans.factory.support.DefaultListableBeanFactory [ 225] Creating shared instance of singleton bean 'org.springframework.context.annotation.internalCommonAnnotationProcessor'
[DEBUG] 2021-06-28 11:19:14,215 main            org.springframework.beans.factory.support.DefaultListableBeanFactory [ 225] Creating shared instance of singleton bean 'appConfig4'
[DEBUG] 2021-06-28 11:19:14,226 main            org.springframework.beans.factory.support.DefaultListableBeanFactory [ 225] Creating shared instance of singleton bean 'ds'
[DEBUG] 2021-06-28 11:20:45,275 main            org.springframework.context.annotation.AnnotationConfigApplicationContext [ 629] Refreshing org.springframework.context.annotation.AnnotationConfigApplicationContext@573fd745
[DEBUG] 2021-06-28 11:20:45,300 main            org.springframework.beans.factory.support.DefaultListableBeanFactory [ 225] Creating shared instance of singleton bean 'org.springframework.context.annotation.internalConfigurationAnnotationProcessor'
[DEBUG] 2021-06-28 11:20:45,394 main            org.springframework.context.annotation.ClassPathBeanDefinitionScanner [ 435] Identified candidate component class: file [/Users/vinod/Desktop/sapient-asde-june-2021-training/vinod-kumar-kayartaya/week3/day1/spring-demo-app/target/classes/com/sapient/dao/JdbcBookDao.class]
[DEBUG] 2021-06-28 11:20:45,516 main            org.springframework.beans.factory.support.DefaultListableBeanFactory [ 225] Creating shared instance of singleton bean 'org.springframework.context.event.internalEventListenerProcessor'
[DEBUG] 2021-06-28 11:20:45,519 main            org.springframework.beans.factory.support.DefaultListableBeanFactory [ 225] Creating shared instance of singleton bean 'org.springframework.context.event.internalEventListenerFactory'
[DEBUG] 2021-06-28 11:20:45,523 main            org.springframework.beans.factory.support.DefaultListableBeanFactory [ 225] Creating shared instance of singleton bean 'org.springframework.context.annotation.internalAutowiredAnnotationProcessor'
[DEBUG] 2021-06-28 11:20:45,529 main            org.springframework.beans.factory.support.DefaultListableBeanFactory [ 225] Creating shared instance of singleton bean 'org.springframework.context.annotation.internalCommonAnnotationProcessor'
[DEBUG] 2021-06-28 11:20:45,540 main            org.springframework.beans.factory.support.DefaultListableBeanFactory [ 225] Creating shared instance of singleton bean 'appConfig4'
[DEBUG] 2021-06-28 11:20:45,546 main            org.springframework.beans.factory.support.DefaultListableBeanFactory [ 225] Creating shared instance of singleton bean 'jdbcBookDao'
[DEBUG] 2021-06-28 11:20:45,550 main            com.sapient.dao.JdbcBookDao [  31] JdbcBookDao constructor called, and ds is null
[DEBUG] 2021-06-28 11:20:45,570 main            org.springframework.beans.factory.support.DefaultListableBeanFactory [ 225] Creating shared instance of singleton bean 'ds'
[DEBUG] 2021-06-28 11:20:45,614 main            com.sapient.dao.JdbcBookDao [  37] JdbcBookDao.init() called, and ds is org.apache.commons.dbcp2.BasicDataSource@56528192
[DEBUG] 2021-06-28 11:20:46,890 main            com.sapient.programs.GetBookFromDb [  19] b1 = Book(id=1, title=Let us C, author=Y Kanitkar, publisher=BPB, price=299.0)
[DEBUG] 2021-06-28 11:20:46,942 main            org.springframework.context.annotation.AnnotationConfigApplicationContext [1049] Closing org.springframework.context.annotation.AnnotationConfigApplicationContext@573fd745, started on Mon Jun 28 11:20:45 IST 2021
[DEBUG] 2021-06-28 11:23:51,495 main            com.sapient.programs.GetBookFromDb [  15] creating spring container...
[DEBUG] 2021-06-28 11:23:51,813 main            org.springframework.context.annotation.AnnotationConfigApplicationContext [ 629] Refreshing org.springframework.context.annotation.AnnotationConfigApplicationContext@5b80350b
[DEBUG] 2021-06-28 11:23:51,838 main            org.springframework.beans.factory.support.DefaultListableBeanFactory [ 225] Creating shared instance of singleton bean 'org.springframework.context.annotation.internalConfigurationAnnotationProcessor'
[DEBUG] 2021-06-28 11:23:51,953 main            org.springframework.context.annotation.ClassPathBeanDefinitionScanner [ 435] Identified candidate component class: file [/Users/vinod/Desktop/sapient-asde-june-2021-training/vinod-kumar-kayartaya/week3/day1/spring-demo-app/target/classes/com/sapient/dao/JdbcBookDao.class]
[DEBUG] 2021-06-28 11:23:52,096 main            org.springframework.beans.factory.support.DefaultListableBeanFactory [ 225] Creating shared instance of singleton bean 'org.springframework.context.event.internalEventListenerProcessor'
[DEBUG] 2021-06-28 11:23:52,100 main            org.springframework.beans.factory.support.DefaultListableBeanFactory [ 225] Creating shared instance of singleton bean 'org.springframework.context.event.internalEventListenerFactory'
[DEBUG] 2021-06-28 11:23:52,104 main            org.springframework.beans.factory.support.DefaultListableBeanFactory [ 225] Creating shared instance of singleton bean 'org.springframework.context.annotation.internalAutowiredAnnotationProcessor'
[DEBUG] 2021-06-28 11:23:52,108 main            org.springframework.beans.factory.support.DefaultListableBeanFactory [ 225] Creating shared instance of singleton bean 'org.springframework.context.annotation.internalCommonAnnotationProcessor'
[DEBUG] 2021-06-28 11:23:52,125 main            org.springframework.beans.factory.support.DefaultListableBeanFactory [ 225] Creating shared instance of singleton bean 'appConfig4'
[DEBUG] 2021-06-28 11:23:52,143 main            org.springframework.beans.factory.support.DefaultListableBeanFactory [ 225] Creating shared instance of singleton bean 'jdbcBookDao'
[DEBUG] 2021-06-28 11:23:52,148 main            com.sapient.dao.JdbcBookDao [  32] JdbcBookDao constructor called, and ds is null
[DEBUG] 2021-06-28 11:23:52,172 main            org.springframework.beans.factory.support.DefaultListableBeanFactory [ 225] Creating shared instance of singleton bean 'ds'
[DEBUG] 2021-06-28 11:23:52,231 main            com.sapient.dao.JdbcBookDao [  38] JdbcBookDao.init() called, and ds is org.apache.commons.dbcp2.BasicDataSource@56528192
[DEBUG] 2021-06-28 11:23:52,264 main            com.sapient.programs.GetBookFromDb [  17] finished creating spring container
[DEBUG] 2021-06-28 11:23:52,265 main            com.sapient.programs.GetBookFromDb [  19] got a dao instance
[DEBUG] 2021-06-28 11:23:53,675 main            com.sapient.programs.GetBookFromDb [  21] b1 = Book(id=1, title=Let us C, author=Y Kanitkar, publisher=BPB, price=299.0)
[DEBUG] 2021-06-28 11:23:53,739 main            org.springframework.context.annotation.AnnotationConfigApplicationContext [1049] Closing org.springframework.context.annotation.AnnotationConfigApplicationContext@5b80350b, started on Mon Jun 28 11:23:51 IST 2021
[DEBUG] 2021-06-28 11:24:40,890 main            com.sapient.programs.GetBookFromDb [  15] creating spring container...
[DEBUG] 2021-06-28 11:24:41,199 main            org.springframework.context.annotation.AnnotationConfigApplicationContext [ 629] Refreshing org.springframework.context.annotation.AnnotationConfigApplicationContext@5b80350b
[DEBUG] 2021-06-28 11:24:41,221 main            org.springframework.beans.factory.support.DefaultListableBeanFactory [ 225] Creating shared instance of singleton bean 'org.springframework.context.annotation.internalConfigurationAnnotationProcessor'
[DEBUG] 2021-06-28 11:24:41,325 main            org.springframework.context.annotation.ClassPathBeanDefinitionScanner [ 435] Identified candidate component class: file [/Users/vinod/Desktop/sapient-asde-june-2021-training/vinod-kumar-kayartaya/week3/day1/spring-demo-app/target/classes/com/sapient/dao/JdbcBookDao.class]
[DEBUG] 2021-06-28 11:24:41,460 main            org.springframework.beans.factory.support.DefaultListableBeanFactory [ 225] Creating shared instance of singleton bean 'org.springframework.context.event.internalEventListenerProcessor'
[DEBUG] 2021-06-28 11:24:41,463 main            org.springframework.beans.factory.support.DefaultListableBeanFactory [ 225] Creating shared instance of singleton bean 'org.springframework.context.event.internalEventListenerFactory'
[DEBUG] 2021-06-28 11:24:41,466 main            org.springframework.beans.factory.support.DefaultListableBeanFactory [ 225] Creating shared instance of singleton bean 'org.springframework.context.annotation.internalAutowiredAnnotationProcessor'
[DEBUG] 2021-06-28 11:24:41,470 main            org.springframework.beans.factory.support.DefaultListableBeanFactory [ 225] Creating shared instance of singleton bean 'org.springframework.context.annotation.internalCommonAnnotationProcessor'
[DEBUG] 2021-06-28 11:24:41,483 main            org.springframework.beans.factory.support.DefaultListableBeanFactory [ 225] Creating shared instance of singleton bean 'appConfig4'
[DEBUG] 2021-06-28 11:24:41,492 main            org.springframework.beans.factory.support.DefaultListableBeanFactory [ 225] Creating shared instance of singleton bean 'ds'
[DEBUG] 2021-06-28 11:24:41,564 main            com.sapient.programs.GetBookFromDb [  17] finished creating spring container
[DEBUG] 2021-06-28 11:24:41,566 main            com.sapient.dao.JdbcBookDao [  34] JdbcBookDao constructor called, and ds is null
[DEBUG] 2021-06-28 11:24:41,579 main            com.sapient.dao.JdbcBookDao [  40] JdbcBookDao.init() called, and ds is org.apache.commons.dbcp2.BasicDataSource@5bd03f44
[DEBUG] 2021-06-28 11:24:41,580 main            com.sapient.programs.GetBookFromDb [  19] got a dao instance
[DEBUG] 2021-06-28 11:24:42,939 main            com.sapient.programs.GetBookFromDb [  21] b1 = Book(id=1, title=Let us C, author=Y Kanitkar, publisher=BPB, price=299.0)
[DEBUG] 2021-06-28 11:24:42,992 main            org.springframework.context.annotation.AnnotationConfigApplicationContext [1049] Closing org.springframework.context.annotation.AnnotationConfigApplicationContext@5b80350b, started on Mon Jun 28 11:24:41 IST 2021
[DEBUG] 2021-06-28 11:25:15,665 main            com.sapient.programs.GetBookFromDb [  15] creating spring container...
[DEBUG] 2021-06-28 11:25:15,955 main            org.springframework.context.annotation.AnnotationConfigApplicationContext [ 629] Refreshing org.springframework.context.annotation.AnnotationConfigApplicationContext@5b80350b
[DEBUG] 2021-06-28 11:25:15,978 main            org.springframework.beans.factory.support.DefaultListableBeanFactory [ 225] Creating shared instance of singleton bean 'org.springframework.context.annotation.internalConfigurationAnnotationProcessor'
[DEBUG] 2021-06-28 11:25:16,079 main            org.springframework.context.annotation.ClassPathBeanDefinitionScanner [ 435] Identified candidate component class: file [/Users/vinod/Desktop/sapient-asde-june-2021-training/vinod-kumar-kayartaya/week3/day1/spring-demo-app/target/classes/com/sapient/dao/JdbcBookDao.class]
[DEBUG] 2021-06-28 11:25:16,253 main            org.springframework.beans.factory.support.DefaultListableBeanFactory [ 225] Creating shared instance of singleton bean 'org.springframework.context.event.internalEventListenerProcessor'
[DEBUG] 2021-06-28 11:25:16,256 main            org.springframework.beans.factory.support.DefaultListableBeanFactory [ 225] Creating shared instance of singleton bean 'org.springframework.context.event.internalEventListenerFactory'
[DEBUG] 2021-06-28 11:25:16,259 main            org.springframework.beans.factory.support.DefaultListableBeanFactory [ 225] Creating shared instance of singleton bean 'org.springframework.context.annotation.internalAutowiredAnnotationProcessor'
[DEBUG] 2021-06-28 11:25:16,262 main            org.springframework.beans.factory.support.DefaultListableBeanFactory [ 225] Creating shared instance of singleton bean 'org.springframework.context.annotation.internalCommonAnnotationProcessor'
[DEBUG] 2021-06-28 11:25:16,274 main            org.springframework.beans.factory.support.DefaultListableBeanFactory [ 225] Creating shared instance of singleton bean 'appConfig4'
[DEBUG] 2021-06-28 11:25:16,283 main            org.springframework.beans.factory.support.DefaultListableBeanFactory [ 225] Creating shared instance of singleton bean 'ds'
[DEBUG] 2021-06-28 11:25:16,349 main            com.sapient.programs.GetBookFromDb [  17] finished creating spring container
[DEBUG] 2021-06-28 11:25:16,351 main            com.sapient.dao.JdbcBookDao [  34] JdbcBookDao constructor called, and ds is null
[DEBUG] 2021-06-28 11:25:16,366 main            com.sapient.dao.JdbcBookDao [  40] JdbcBookDao.init() called, and ds is org.apache.commons.dbcp2.BasicDataSource@5bd03f44
[DEBUG] 2021-06-28 11:25:16,367 main            com.sapient.programs.GetBookFromDb [  19] got a dao instance
[DEBUG] 2021-06-28 11:25:17,617 main            com.sapient.dao.JdbcBookDao [  34] JdbcBookDao constructor called, and ds is null
[DEBUG] 2021-06-28 11:25:17,618 main            com.sapient.dao.JdbcBookDao [  40] JdbcBookDao.init() called, and ds is org.apache.commons.dbcp2.BasicDataSource@5bd03f44
[DEBUG] 2021-06-28 11:25:17,620 main            com.sapient.dao.JdbcBookDao [  34] JdbcBookDao constructor called, and ds is null
[DEBUG] 2021-06-28 11:25:17,621 main            com.sapient.dao.JdbcBookDao [  40] JdbcBookDao.init() called, and ds is org.apache.commons.dbcp2.BasicDataSource@5bd03f44
[DEBUG] 2021-06-28 11:25:17,621 main            com.sapient.dao.JdbcBookDao [  34] JdbcBookDao constructor called, and ds is null
[DEBUG] 2021-06-28 11:25:17,622 main            com.sapient.dao.JdbcBookDao [  40] JdbcBookDao.init() called, and ds is org.apache.commons.dbcp2.BasicDataSource@5bd03f44
[DEBUG] 2021-06-28 11:25:17,622 main            com.sapient.dao.JdbcBookDao [  34] JdbcBookDao constructor called, and ds is null
[DEBUG] 2021-06-28 11:25:17,622 main            com.sapient.dao.JdbcBookDao [  40] JdbcBookDao.init() called, and ds is org.apache.commons.dbcp2.BasicDataSource@5bd03f44
[DEBUG] 2021-06-28 11:25:17,623 main            com.sapient.dao.JdbcBookDao [  34] JdbcBookDao constructor called, and ds is null
[DEBUG] 2021-06-28 11:25:17,623 main            com.sapient.dao.JdbcBookDao [  40] JdbcBookDao.init() called, and ds is org.apache.commons.dbcp2.BasicDataSource@5bd03f44
[DEBUG] 2021-06-28 11:25:17,623 main            com.sapient.programs.GetBookFromDb [  26] b1 = Book(id=1, title=Let us C, author=Y Kanitkar, publisher=BPB, price=299.0)
[DEBUG] 2021-06-28 11:25:17,676 main            org.springframework.context.annotation.AnnotationConfigApplicationContext [1049] Closing org.springframework.context.annotation.AnnotationConfigApplicationContext@5b80350b, started on Mon Jun 28 11:25:15 IST 2021
[DEBUG] 2021-06-28 11:26:04,446 main            com.sapient.programs.GetBookFromDb [  15] creating spring container...
[DEBUG] 2021-06-28 11:26:04,736 main            org.springframework.context.annotation.AnnotationConfigApplicationContext [ 629] Refreshing org.springframework.context.annotation.AnnotationConfigApplicationContext@5b80350b
[DEBUG] 2021-06-28 11:26:04,756 main            org.springframework.beans.factory.support.DefaultListableBeanFactory [ 225] Creating shared instance of singleton bean 'org.springframework.context.annotation.internalConfigurationAnnotationProcessor'
[DEBUG] 2021-06-28 11:26:04,857 main            org.springframework.context.annotation.ClassPathBeanDefinitionScanner [ 435] Identified candidate component class: file [/Users/vinod/Desktop/sapient-asde-june-2021-training/vinod-kumar-kayartaya/week3/day1/spring-demo-app/target/classes/com/sapient/dao/JdbcBookDao.class]
[DEBUG] 2021-06-28 11:26:04,985 main            org.springframework.beans.factory.support.DefaultListableBeanFactory [ 225] Creating shared instance of singleton bean 'org.springframework.context.event.internalEventListenerProcessor'
[DEBUG] 2021-06-28 11:26:04,988 main            org.springframework.beans.factory.support.DefaultListableBeanFactory [ 225] Creating shared instance of singleton bean 'org.springframework.context.event.internalEventListenerFactory'
[DEBUG] 2021-06-28 11:26:04,990 main            org.springframework.beans.factory.support.DefaultListableBeanFactory [ 225] Creating shared instance of singleton bean 'org.springframework.context.annotation.internalAutowiredAnnotationProcessor'
[DEBUG] 2021-06-28 11:26:04,993 main            org.springframework.beans.factory.support.DefaultListableBeanFactory [ 225] Creating shared instance of singleton bean 'org.springframework.context.annotation.internalCommonAnnotationProcessor'
[DEBUG] 2021-06-28 11:26:05,006 main            org.springframework.beans.factory.support.DefaultListableBeanFactory [ 225] Creating shared instance of singleton bean 'appConfig4'
[DEBUG] 2021-06-28 11:26:05,015 main            org.springframework.beans.factory.support.DefaultListableBeanFactory [ 225] Creating shared instance of singleton bean 'ds'
[DEBUG] 2021-06-28 11:26:05,090 main            com.sapient.programs.GetBookFromDb [  17] finished creating spring container
[DEBUG] 2021-06-28 11:26:05,090 main            org.springframework.beans.factory.support.DefaultListableBeanFactory [ 225] Creating shared instance of singleton bean 'jdbcBookDao'
[DEBUG] 2021-06-28 11:26:05,093 main            com.sapient.dao.JdbcBookDao [  34] JdbcBookDao constructor called, and ds is null
[DEBUG] 2021-06-28 11:26:05,109 main            com.sapient.dao.JdbcBookDao [  40] JdbcBookDao.init() called, and ds is org.apache.commons.dbcp2.BasicDataSource@72a7c7e0
[DEBUG] 2021-06-28 11:26:05,110 main            com.sapient.programs.GetBookFromDb [  19] got a dao instance
[DEBUG] 2021-06-28 11:26:06,345 main            com.sapient.programs.GetBookFromDb [  26] b1 = Book(id=1, title=Let us C, author=Y Kanitkar, publisher=BPB, price=299.0)
[DEBUG] 2021-06-28 11:26:06,395 main            org.springframework.context.annotation.AnnotationConfigApplicationContext [1049] Closing org.springframework.context.annotation.AnnotationConfigApplicationContext@5b80350b, started on Mon Jun 28 11:26:04 IST 2021
[DEBUG] 2021-06-28 11:31:24,113 main            org.springframework.context.annotation.AnnotationConfigApplicationContext [ 629] Refreshing org.springframework.context.annotation.AnnotationConfigApplicationContext@573fd745
[DEBUG] 2021-06-28 11:31:24,137 main            org.springframework.beans.factory.support.DefaultListableBeanFactory [ 225] Creating shared instance of singleton bean 'org.springframework.context.annotation.internalConfigurationAnnotationProcessor'
[DEBUG] 2021-06-28 11:31:24,233 main            org.springframework.context.annotation.ClassPathBeanDefinitionScanner [ 435] Identified candidate component class: file [/Users/vinod/Desktop/sapient-asde-june-2021-training/vinod-kumar-kayartaya/week3/day1/spring-demo-app/target/classes/com/sapient/dao/JdbcBookDao.class]
[DEBUG] 2021-06-28 11:31:24,363 main            org.springframework.beans.factory.support.DefaultListableBeanFactory [ 225] Creating shared instance of singleton bean 'org.springframework.context.event.internalEventListenerProcessor'
[DEBUG] 2021-06-28 11:31:24,366 main            org.springframework.beans.factory.support.DefaultListableBeanFactory [ 225] Creating shared instance of singleton bean 'org.springframework.context.event.internalEventListenerFactory'
[DEBUG] 2021-06-28 11:31:24,369 main            org.springframework.beans.factory.support.DefaultListableBeanFactory [ 225] Creating shared instance of singleton bean 'org.springframework.context.annotation.internalAutowiredAnnotationProcessor'
[DEBUG] 2021-06-28 11:31:24,373 main            org.springframework.beans.factory.support.DefaultListableBeanFactory [ 225] Creating shared instance of singleton bean 'org.springframework.context.annotation.internalCommonAnnotationProcessor'
[DEBUG] 2021-06-28 11:31:24,388 main            org.springframework.beans.factory.support.DefaultListableBeanFactory [ 225] Creating shared instance of singleton bean 'appConfig4'
[DEBUG] 2021-06-28 11:31:24,396 main            org.springframework.beans.factory.support.DefaultListableBeanFactory [ 225] Creating shared instance of singleton bean 'ds'
[DEBUG] 2021-06-28 11:31:24,474 main            org.springframework.beans.factory.support.DefaultListableBeanFactory [ 225] Creating shared instance of singleton bean 'jdbcBookDao'
[DEBUG] 2021-06-28 11:31:24,477 main            com.sapient.dao.JdbcBookDao [  40] JdbcBookDao constructor called, and ds is null
[DEBUG] 2021-06-28 11:31:24,489 main            com.sapient.dao.JdbcBookDao [  46] JdbcBookDao.init() called, and ds is org.apache.commons.dbcp2.BasicDataSource@17046283
[DEBUG] 2021-06-28 11:31:25,729 main            com.sapient.programs.GetBookFromDb [  18] b1 = Book(id=1, title=Let us C, author=Y Kanitkar, publisher=BPB, price=299.0)
[DEBUG] 2021-06-28 11:31:25,782 main            org.springframework.context.annotation.AnnotationConfigApplicationContext [1049] Closing org.springframework.context.annotation.AnnotationConfigApplicationContext@573fd745, started on Mon Jun 28 11:31:24 IST 2021
